2020-10-23 07:53:08 INFO  ApacheHttpClient.sendEvent(527) - responseCode = 200
2020-10-23 07:53:08 INFO  ApacheHttpClient.sendEvent(527) - responseCode = 200
2020-10-23 07:53:08 INFO  ApacheHttpClient.sendEvent(527) - responseCode = 200
2020-10-23 07:53:08 INFO  ApacheHttpClient.sendEvent(527) - responseCode = 200
2020-10-23 07:53:08 INFO  ApacheHttpClient.sendEvent(527) - responseCode = 200
2020-10-23 07:53:08 INFO  ApacheHttpClient.sendEvent(527) - responseCode = 200
2020-10-23 07:53:08 INFO  ApacheHttpClient.sendEvent(527) - responseCode = 200
2020-10-23 07:53:09 INFO  ApacheHttpClient.sendEvent(527) - responseCode = 200
2020-10-23 07:53:09 INFO  ApacheHttpClient.sendEvent(527) - responseCode = 200
2020-10-23 07:53:09 INFO  ApacheHttpClient.sendEvent(527) - responseCode = 200
2020-10-23 07:53:09 INFO  ApacheHttpClient.sendEvent(527) - responseCode = 200
2020-10-23 07:53:09 INFO  ApacheHttpClient.sendEvent(527) - responseCode = 200
2020-10-23 07:53:09 INFO  ApacheHttpClient.sendEvent(527) - responseCode = 200
2020-10-23 07:53:09 INFO  ApacheHttpClient.sendEvent(527) - responseCode = 200
2020-10-23 07:53:09 INFO  ApacheHttpClient.sendEvent(527) - responseCode = 200
2020-10-23 07:53:09 INFO  ApacheHttpClient.sendEvent(527) - responseCode = 200
2020-10-23 07:53:09 INFO  ApacheHttpClient.sendEvent(527) - responseCode = 200
2020-10-23 07:53:09 INFO  ApacheHttpClient.sendEvent(527) - responseCode = 200
2020-10-23 07:53:09 INFO  ApacheHttpClient.sendEvent(527) - responseCode = 200
2020-10-23 07:53:09 INFO  ApacheHttpClient.sendEvent(527) - responseCode = 200
2020-10-23 07:53:10 INFO  ApacheHttpClient.sendEvent(527) - responseCode = 200
2020-10-23 07:53:10 INFO  ApacheHttpClient.sendEvent(527) - responseCode = 200
2020-10-23 07:53:10 INFO  ApacheHttpClient.sendEvent(527) - responseCode = 200
2020-10-23 07:53:10 INFO  ApacheHttpClient.sendEvent(527) - responseCode = 200
2020-10-23 07:53:10 INFO  ApacheHttpClient.sendEvent(527) - responseCode = 200
2020-10-23 07:53:10 INFO  ApacheHttpClient.sendEvent(527) - responseCode = 200
2020-10-23 07:53:10 INFO  ApacheHttpClient.sendEvent(527) - responseCode = 200
2020-10-23 07:53:10 INFO  ApacheHttpClient.sendEvent(527) - responseCode = 200
2020-10-23 07:53:10 INFO  ApacheHttpClient.sendEvent(527) - responseCode = 200
2020-10-23 07:53:10 INFO  ApacheHttpClient.sendEvent(527) - responseCode = 200
2020-10-23 07:53:10 INFO  ApacheHttpClient.sendEvent(527) - responseCode = 200
2020-10-23 07:53:10 INFO  ApacheHttpClient.sendEvent(527) - responseCode = 200
2020-10-23 07:53:11 INFO  ApacheHttpClient.sendEvent(527) - responseCode = 200
2020-10-23 07:53:11 INFO  ApacheHttpClient.sendEvent(527) - responseCode = 200
2020-10-23 07:53:11 INFO  ApacheHttpClient.sendEvent(527) - responseCode = 200
2020-10-23 07:53:11 INFO  ApacheHttpClient.sendEvent(527) - responseCode = 200
2020-10-23 07:53:11 INFO  ApacheHttpClient.sendEvent(527) - responseCode = 200
2020-10-23 07:53:11 INFO  ApacheHttpClient.sendEvent(527) - responseCode = 200
2020-10-23 07:53:11 INFO  ApacheHttpClient.sendEvent(527) - responseCode = 200
2020-10-23 07:53:11 INFO  ApacheHttpClient.sendEvent(527) - responseCode = 200
2020-10-23 07:53:11 INFO  ApacheHttpClient.sendEvent(527) - responseCode = 200
2020-10-23 07:53:11 INFO  ApacheHttpClient.sendEvent(527) - responseCode = 200
2020-10-23 07:53:11 INFO  ApacheHttpClient.sendEvent(527) - responseCode = 200
2020-10-23 07:53:11 INFO  ApacheHttpClient.sendEvent(527) - responseCode = 200
2020-10-23 07:53:11 INFO  ApacheHttpClient.sendEvent(527) - responseCode = 200
2020-10-23 07:53:12 INFO  ApacheHttpClient.sendEvent(527) - responseCode = 200
2020-10-23 07:53:12 INFO  ApacheHttpClient.sendEvent(527) - responseCode = 200
2020-10-23 07:53:12 INFO  ApacheHttpClient.sendEvent(527) - responseCode = 200
2020-10-23 07:53:12 INFO  ApacheHttpClient.sendEvent(527) - responseCode = 200
2020-10-23 07:53:12 INFO  ApacheHttpClient.sendEvent(527) - responseCode = 200
2020-10-23 07:53:12 INFO  ApacheHttpClient.sendEvent(527) - responseCode = 200
2020-10-23 07:53:12 INFO  ApacheHttpClient.sendEvent(527) - responseCode = 200
2020-10-23 07:53:12 INFO  ApacheHttpClient.sendEvent(527) - responseCode = 200
2020-10-23 07:53:12 INFO  ApacheHttpClient.sendEvent(527) - responseCode = 200
2020-10-23 07:53:12 INFO  ApacheHttpClient.sendEvent(527) - responseCode = 200
2020-10-23 07:53:12 INFO  ApacheHttpClient.sendEvent(527) - responseCode = 200
2020-10-23 07:53:12 INFO  ApacheHttpClient.sendEvent(527) - responseCode = 200
2020-10-23 07:53:13 INFO  ApacheHttpClient.sendEvent(527) - responseCode = 200
2020-10-23 07:53:13 INFO  ApacheHttpClient.sendEvent(527) - responseCode = 200
2020-10-23 07:53:13 INFO  ApacheHttpClient.sendEvent(527) - responseCode = 200
2020-10-23 07:53:13 INFO  ApacheHttpClient.sendEvent(527) - responseCode = 200
2020-10-23 07:53:13 INFO  ApacheHttpClient.sendEvent(527) - responseCode = 200
2020-10-23 07:53:13 INFO  ApacheHttpClient.sendEvent(527) - responseCode = 200
2020-10-23 07:53:13 INFO  ApacheHttpClient.sendEvent(527) - responseCode = 200
2020-10-23 07:53:13 INFO  ApacheHttpClient.sendEvent(527) - responseCode = 200
2020-10-23 07:53:13 INFO  ApacheHttpClient.sendEvent(527) - responseCode = 200
2020-10-23 07:53:13 INFO  ApacheHttpClient.sendEvent(527) - responseCode = 200
2020-10-23 07:53:13 INFO  ApacheHttpClient.sendEvent(527) - responseCode = 200
2020-10-23 07:53:13 INFO  ApacheHttpClient.sendEvent(527) - responseCode = 200
2020-10-23 07:53:13 INFO  ApacheHttpClient.sendEvent(527) - responseCode = 200
2020-10-23 07:53:14 INFO  ApacheHttpClient.sendEvent(527) - responseCode = 200
2020-10-23 07:53:14 INFO  ApacheHttpClient.sendEvent(527) - responseCode = 200
2020-10-23 07:53:14 INFO  ApacheHttpClient.sendEvent(527) - responseCode = 200
2020-10-23 07:53:14 INFO  ApacheHttpClient.sendEvent(527) - responseCode = 200
2020-10-23 07:53:14 INFO  ApacheHttpClient.sendEvent(527) - responseCode = 200
2020-10-23 07:53:14 INFO  ApacheHttpClient.sendEvent(527) - responseCode = 200
2020-10-23 07:53:14 INFO  ApacheHttpClient.sendEvent(527) - responseCode = 200
2020-10-23 07:53:14 INFO  ApacheHttpClient.sendEvent(527) - responseCode = 200
2020-10-23 07:53:14 INFO  ApacheHttpClient.sendEvent(527) - responseCode = 200
2020-10-23 07:53:14 INFO  ApacheHttpClient.sendEvent(527) - responseCode = 200
2020-10-23 07:53:14 INFO  ApacheHttpClient.sendEvent(527) - responseCode = 200
2020-10-23 07:53:14 INFO  ApacheHttpClient.sendEvent(527) - responseCode = 200
2020-10-23 07:53:14 INFO  ApacheHttpClient.sendEvent(527) - responseCode = 200
2020-10-23 07:53:15 INFO  ApacheHttpClient.sendEvent(527) - responseCode = 200
2020-10-23 07:53:15 INFO  ApacheHttpClient.sendEvent(527) - responseCode = 200
2020-10-23 07:53:15 INFO  ApacheHttpClient.sendEvent(527) - responseCode = 200
2020-10-23 07:53:15 INFO  ApacheHttpClient.sendEvent(527) - responseCode = 200
2020-10-23 07:53:15 INFO  ApacheHttpClient.sendEvent(527) - responseCode = 200
2020-10-23 07:53:15 INFO  ApacheHttpClient.sendEvent(527) - responseCode = 200
2020-10-23 07:53:15 INFO  ApacheHttpClient.sendEvent(527) - responseCode = 200
2020-10-23 07:53:15 INFO  ApacheHttpClient.sendEvent(527) - responseCode = 200
2020-10-23 07:53:15 INFO  ApacheHttpClient.sendEvent(527) - responseCode = 200
2020-10-23 07:53:15 INFO  ApacheHttpClient.sendEvent(527) - responseCode = 200
2020-10-23 07:53:15 INFO  ApacheHttpClient.sendEvent(527) - responseCode = 200
2020-10-23 07:53:15 INFO  ApacheHttpClient.sendEvent(527) - responseCode = 200
2020-10-23 07:53:16 INFO  ApacheHttpClient.sendEvent(527) - responseCode = 200
2020-10-23 07:53:16 INFO  ApacheHttpClient.sendEvent(527) - responseCode = 200
2020-10-23 07:53:16 INFO  ApacheHttpClient.sendEvent(527) - responseCode = 200
2020-10-23 07:53:16 INFO  ApacheHttpClient.sendEvent(527) - responseCode = 200
2020-10-23 07:53:16 INFO  ApacheHttpClient.sendEvent(527) - responseCode = 200
2020-10-23 07:53:16 INFO  ApacheHttpClient.sendEvent(527) - responseCode = 200
2020-10-23 07:53:16 INFO  ApacheHttpClient.sendEvent(527) - responseCode = 200
2020-10-23 07:53:16 INFO  ApacheHttpClient.sendEvent(527) - responseCode = 200
2020-10-23 07:53:16 INFO  ApacheHttpClient.sendEvent(527) - responseCode = 200
2020-10-23 07:53:16 INFO  ApacheHttpClient.sendEvent(527) - responseCode = 200
2020-10-23 07:53:16 INFO  ApacheHttpClient.sendEvent(527) - responseCode = 200
2020-10-23 07:53:16 INFO  ApacheHttpClient.sendEvent(527) - responseCode = 200
2020-10-23 07:53:16 INFO  ApacheHttpClient.sendEvent(527) - responseCode = 200
2020-10-23 07:53:17 INFO  ApacheHttpClient.sendEvent(527) - responseCode = 200
2020-10-23 07:53:17 INFO  ApacheHttpClient.sendEvent(527) - responseCode = 200
2020-10-23 07:53:17 INFO  ApacheHttpClient.sendEvent(527) - responseCode = 200
2020-10-23 07:53:17 INFO  ApacheHttpClient.sendEvent(527) - responseCode = 200
2020-10-23 07:53:17 INFO  ApacheHttpClient.sendEvent(527) - responseCode = 200
2020-10-23 07:53:17 INFO  ApacheHttpClient.sendEvent(527) - responseCode = 200
2020-10-23 07:53:17 INFO  ApacheHttpClient.sendEvent(527) - responseCode = 200
2020-10-23 07:53:17 INFO  ApacheHttpClient.sendEvent(527) - responseCode = 200
2020-10-23 07:53:17 INFO  ApacheHttpClient.sendEvent(527) - responseCode = 200
2020-10-23 07:53:17 INFO  ApacheHttpClient.sendEvent(527) - responseCode = 200
2020-10-23 07:53:17 INFO  ApacheHttpClient.sendEvent(527) - responseCode = 200
2020-10-23 07:53:17 INFO  ApacheHttpClient.sendEvent(527) - responseCode = 200
2020-10-23 07:53:18 INFO  ApacheHttpClient.sendEvent(527) - responseCode = 200
2020-10-23 07:53:18 INFO  ApacheHttpClient.sendEvent(527) - responseCode = 200
2020-10-23 07:53:18 INFO  ApacheHttpClient.sendEvent(527) - responseCode = 200
2020-10-23 07:53:18 INFO  ApacheHttpClient.sendEvent(527) - responseCode = 200
2020-10-23 07:53:18 INFO  ApacheHttpClient.sendEvent(527) - responseCode = 200
2020-10-23 07:53:18 INFO  ApacheHttpClient.sendEvent(527) - responseCode = 200
2020-10-23 07:53:18 INFO  ApacheHttpClient.sendEvent(527) - responseCode = 200
2020-10-23 07:53:18 INFO  ApacheHttpClient.sendEvent(527) - responseCode = 200
2020-10-23 07:53:18 INFO  ApacheHttpClient.sendEvent(527) - responseCode = 200
2020-10-23 07:53:18 INFO  ApacheHttpClient.sendEvent(527) - responseCode = 200
2020-10-23 07:53:18 INFO  ApacheHttpClient.sendEvent(527) - responseCode = 200
2020-10-23 07:53:18 INFO  ApacheHttpClient.sendEvent(527) - responseCode = 200
2020-10-23 07:53:18 INFO  ApacheHttpClient.sendEvent(527) - responseCode = 200
2020-10-23 07:53:19 INFO  ApacheHttpClient.sendEvent(527) - responseCode = 200
2020-10-23 07:53:19 INFO  ApacheHttpClient.sendEvent(527) - responseCode = 200
2020-10-23 07:53:19 INFO  ApacheHttpClient.sendEvent(527) - responseCode = 200
2020-10-23 07:53:19 INFO  ApacheHttpClient.sendEvent(527) - responseCode = 200
2020-10-23 07:53:19 INFO  ApacheHttpClient.sendEvent(527) - responseCode = 200
2020-10-23 07:53:19 INFO  ApacheHttpClient.sendEvent(527) - responseCode = 200
2020-10-23 07:53:19 INFO  ApacheHttpClient.sendEvent(527) - responseCode = 200
2020-10-23 07:53:19 INFO  ApacheHttpClient.sendEvent(527) - responseCode = 200
2020-10-23 07:53:19 INFO  ApacheHttpClient.sendEvent(527) - responseCode = 200
2020-10-23 07:53:19 INFO  ApacheHttpClient.sendEvent(527) - responseCode = 200
2020-10-23 07:53:19 INFO  ApacheHttpClient.sendEvent(527) - responseCode = 200
2020-10-23 07:53:19 INFO  ApacheHttpClient.sendEvent(527) - responseCode = 200
2020-10-23 07:53:19 INFO  ApacheHttpClient.sendEvent(527) - responseCode = 200
2020-10-23 07:53:20 INFO  ApacheHttpClient.sendEvent(527) - responseCode = 200
2020-10-23 07:53:20 INFO  ApacheHttpClient.sendEvent(527) - responseCode = 200
2020-10-23 07:53:20 INFO  ApacheHttpClient.sendEvent(527) - responseCode = 200
2020-10-23 07:53:20 INFO  ApacheHttpClient.sendEvent(527) - responseCode = 200
2020-10-23 07:53:20 INFO  ApacheHttpClient.sendEvent(527) - responseCode = 200
2020-10-23 07:53:20 INFO  ApacheHttpClient.sendEvent(527) - responseCode = 200
2020-10-23 07:53:20 INFO  ApacheHttpClient.sendEvent(527) - responseCode = 200
2020-10-23 07:53:20 INFO  ApacheHttpClient.sendEvent(527) - responseCode = 200
2020-10-23 07:53:20 INFO  ApacheHttpClient.sendEvent(527) - responseCode = 200
2020-10-23 07:53:20 INFO  ApacheHttpClient.sendEvent(527) - responseCode = 200
2020-10-23 07:53:20 INFO  ApacheHttpClient.sendEvent(527) - responseCode = 200
2020-10-23 07:53:20 INFO  ApacheHttpClient.sendEvent(527) - responseCode = 200
2020-10-23 07:53:21 INFO  ApacheHttpClient.sendEvent(527) - responseCode = 200
2020-10-23 07:53:21 INFO  ApacheHttpClient.sendEvent(527) - responseCode = 200
2020-10-23 07:53:21 INFO  ApacheHttpClient.sendEvent(527) - responseCode = 200
2020-10-23 07:53:21 INFO  ApacheHttpClient.sendEvent(527) - responseCode = 200
2020-10-23 07:53:21 INFO  ApacheHttpClient.sendEvent(527) - responseCode = 200
2020-10-23 07:53:21 INFO  ApacheHttpClient.sendEvent(527) - responseCode = 200
2020-10-23 07:53:21 INFO  ApacheHttpClient.sendEvent(527) - responseCode = 200
2020-10-23 07:53:21 INFO  ApacheHttpClient.sendEvent(527) - responseCode = 200
2020-10-23 07:53:21 INFO  ApacheHttpClient.sendEvent(527) - responseCode = 200
2020-10-23 07:53:21 INFO  ApacheHttpClient.sendEvent(527) - responseCode = 200
2020-10-23 07:53:21 INFO  ApacheHttpClient.sendEvent(527) - responseCode = 200
2020-10-23 07:53:21 INFO  ApacheHttpClient.sendEvent(527) - responseCode = 200
2020-10-23 07:53:21 INFO  ApacheHttpClient.sendEvent(527) - responseCode = 200
2020-10-23 07:53:22 INFO  ApacheHttpClient.sendEvent(527) - responseCode = 200
2020-10-23 07:53:22 INFO  ApacheHttpClient.sendEvent(527) - responseCode = 200
2020-10-23 07:53:22 INFO  ApacheHttpClient.sendEvent(527) - responseCode = 200
2020-10-23 07:53:22 INFO  ApacheHttpClient.sendEvent(527) - responseCode = 200
2020-10-23 07:53:22 INFO  ApacheHttpClient.sendEvent(527) - responseCode = 200
2020-10-23 07:53:22 INFO  ApacheHttpClient.sendEvent(527) - responseCode = 200
2020-10-23 07:53:22 INFO  ApacheHttpClient.sendEvent(527) - responseCode = 200
2020-10-23 07:53:22 INFO  ApacheHttpClient.sendEvent(527) - responseCode = 200
2020-10-23 07:53:22 INFO  ApacheHttpClient.sendEvent(527) - responseCode = 200
2020-10-23 07:53:22 INFO  ApacheHttpClient.sendEvent(527) - responseCode = 200
2020-10-23 07:53:22 INFO  ApacheHttpClient.sendEvent(527) - responseCode = 200
2020-10-23 07:53:22 INFO  ApacheHttpClient.sendEvent(527) - responseCode = 200
2020-10-23 07:53:22 INFO  ApacheHttpClient.sendEvent(527) - responseCode = 200
2020-10-23 07:53:23 INFO  ApacheHttpClient.sendEvent(527) - responseCode = 200
2020-10-23 07:53:23 INFO  ApacheHttpClient.sendEvent(527) - responseCode = 200
2020-10-23 07:53:23 INFO  ApacheHttpClient.sendEvent(527) - responseCode = 200
2020-10-23 07:53:23 INFO  ApacheHttpClient.sendEvent(527) - responseCode = 200
2020-10-23 07:53:23 INFO  ApacheHttpClient.sendEvent(527) - responseCode = 200
2020-10-23 07:53:23 INFO  ApacheHttpClient.sendEvent(527) - responseCode = 200
2020-10-23 07:53:23 INFO  ApacheHttpClient.sendEvent(527) - responseCode = 200
2020-10-23 07:53:23 INFO  ApacheHttpClient.sendEvent(527) - responseCode = 200
2020-10-23 07:53:23 INFO  ApacheHttpClient.sendEvent(527) - responseCode = 200
2020-10-23 07:53:23 INFO  ApacheHttpClient.sendEvent(527) - responseCode = 200
2020-10-23 07:53:23 INFO  ApacheHttpClient.sendEvent(527) - responseCode = 200
2020-10-23 07:53:23 INFO  ApacheHttpClient.sendEvent(527) - responseCode = 200
2020-10-23 07:53:24 INFO  ApacheHttpClient.sendEvent(527) - responseCode = 200
2020-10-23 07:53:24 INFO  ApacheHttpClient.sendEvent(527) - responseCode = 200
2020-10-23 07:53:24 INFO  ApacheHttpClient.sendEvent(527) - responseCode = 200
2020-10-23 07:53:24 INFO  ApacheHttpClient.sendEvent(527) - responseCode = 200
2020-10-23 07:53:24 INFO  ApacheHttpClient.sendEvent(527) - responseCode = 200
2020-10-23 07:53:24 INFO  ApacheHttpClient.sendEvent(527) - responseCode = 200
2020-10-23 07:53:24 INFO  ApacheHttpClient.sendEvent(527) - responseCode = 200
2020-10-23 07:53:24 INFO  ApacheHttpClient.sendEvent(527) - responseCode = 200
2020-10-23 07:53:24 INFO  ApacheHttpClient.sendEvent(527) - responseCode = 200
2020-10-23 07:54:10 INFO  ApacheHttpClient.sendEvent(527) - responseCode = 200
2020-10-23 07:55:10 INFO  ApacheHttpClient.sendEvent(527) - responseCode = 200
2020-10-23 07:56:10 INFO  ApacheHttpClient.sendEvent(527) - responseCode = 200
2020-10-23 07:57:10 INFO  ApacheHttpClient.sendEvent(527) - responseCode = 200
2020-10-23 07:58:10 INFO  ApacheHttpClient.sendEvent(527) - responseCode = 200
2020-10-23 07:59:10 INFO  ApacheHttpClient.sendEvent(527) - responseCode = 200
2020-10-23 08:00:10 INFO  ApacheHttpClient.sendEvent(527) - responseCode = 200
2020-10-23 08:01:10 INFO  ApacheHttpClient.sendEvent(527) - responseCode = 200
2020-10-23 08:02:10 INFO  ApacheHttpClient.sendEvent(527) - responseCode = 200
2020-10-23 08:03:10 INFO  ApacheHttpClient.sendEvent(527) - responseCode = 200
2020-10-23 08:03:32 INFO  ApacheHttpClient.getWebResourceAsStream(494) - responseCode = 200
2020-10-23 08:03:32 INFO  ApacheHttpClient.getTask(480) - responseCode = 200
2020-10-23 08:03:33 INFO  ApacheHttpClient.completed(28) - responseCode = 200
2020-10-23 08:03:33 INFO  ApacheHttpClient.getTask(480) - responseCode = 200
2020-10-23 08:04:10 INFO  ApacheHttpClient.sendEvent(527) - responseCode = 200
2020-10-23 08:04:34 INFO  ApacheHttpClient.getWebResourceAsStream(494) - responseCode = 200
2020-10-23 08:04:34 INFO  ApacheHttpClient.getFilteredTasks(333) - responseCode = 200
2020-10-23 08:05:10 INFO  ApacheHttpClient.sendEvent(527) - responseCode = 200
2020-10-23 08:06:10 INFO  ApacheHttpClient.sendEvent(527) - responseCode = 200
2020-10-23 08:07:10 INFO  ApacheHttpClient.sendEvent(527) - responseCode = 200
2020-10-23 08:08:10 INFO  ApacheHttpClient.sendEvent(527) - responseCode = 200
2020-10-23 08:09:10 INFO  ApacheHttpClient.sendEvent(527) - responseCode = 200
2020-10-23 08:10:12 INFO  ApacheHttpClient.sendEvent(527) - responseCode = 200
2020-10-23 08:11:12 INFO  ApacheHttpClient.sendEvent(527) - responseCode = 200
2020-10-23 08:12:12 INFO  ApacheHttpClient.sendEvent(527) - responseCode = 200
2020-10-23 08:13:12 INFO  ApacheHttpClient.sendEvent(527) - responseCode = 200
2020-10-23 08:14:12 INFO  ApacheHttpClient.sendEvent(527) - responseCode = 200
2020-10-23 08:15:12 INFO  ApacheHttpClient.sendEvent(527) - responseCode = 200
2020-10-23 08:16:12 INFO  ApacheHttpClient.sendEvent(527) - responseCode = 200
2020-10-23 08:17:12 INFO  ApacheHttpClient.sendEvent(527) - responseCode = 200
2020-10-23 08:18:12 INFO  ApacheHttpClient.sendEvent(527) - responseCode = 200
2020-10-23 08:19:12 INFO  ApacheHttpClient.sendEvent(527) - responseCode = 200
2020-10-23 08:20:12 INFO  ApacheHttpClient.sendEvent(527) - responseCode = 200
2020-10-23 08:21:12 INFO  ApacheHttpClient.sendEvent(527) - responseCode = 200
2020-10-23 08:22:12 INFO  ApacheHttpClient.sendEvent(527) - responseCode = 200
2020-10-23 08:23:12 INFO  ApacheHttpClient.sendEvent(527) - responseCode = 200
2020-10-23 08:24:12 INFO  ApacheHttpClient.sendEvent(527) - responseCode = 200
2020-10-23 08:25:12 INFO  ApacheHttpClient.sendEvent(527) - responseCode = 200
2020-10-23 08:26:12 INFO  ApacheHttpClient.sendEvent(527) - responseCode = 200
2020-10-23 08:27:12 INFO  ApacheHttpClient.sendEvent(527) - responseCode = 200
2020-10-23 08:28:12 INFO  ApacheHttpClient.sendEvent(527) - responseCode = 200
2020-10-23 08:29:12 INFO  ApacheHttpClient.sendEvent(527) - responseCode = 200
2020-10-23 08:30:12 INFO  ApacheHttpClient.sendEvent(527) - responseCode = 200
2020-10-23 08:31:12 INFO  ApacheHttpClient.sendEvent(527) - responseCode = 200
2020-10-23 08:31:25 INFO  ProjectStartupHandler.projectClosing(154) - ---------- Project closed ----------

2020-10-23 08:31:25 INFO  ApacheHttpClient.getTask(480) - responseCode = 200
2020-10-23 08:31:25 INFO  PluginProjectService.dispose(41) - PluginProjectService for disposed.
2020-11-05 11:15:22 INFO  ProjectStartupHandler.runActivity(74) - ---------- Project opened ----------
2020-11-05 11:15:22 INFO  ProjectStartupHandler.runActivity(75) - ---------- Version 3.44 ----------

2020-11-05 11:15:22 INFO  ApacheHttpClient.isSessionAppropriateWithSecretKey(602) - Waiting for server response.
2020-11-05 11:15:22 INFO  ApacheHttpClient.refreshUserInfo(305) - responseCode = 200
2020-11-05 11:15:22 INFO  ApacheHttpClient.refreshUserInfo(311) - User information received.
2020-11-05 11:15:23 INFO  ApacheHttpClient.startGA(36) - GAService started.
2020-11-05 11:15:23 INFO  AbstractRestApiClient.startService(71) - EventsService started.
2020-11-05 11:15:27 INFO  ApacheHttpClient.getWebResourceAsStream(502) - responseCode = 200
2020-11-05 11:15:27 INFO  ApacheHttpClient.getFilteredTasks(336) - responseCode = 200
2020-11-05 11:15:29 INFO  ApacheHttpClient.getTaskTemplateInfo(353) - responseCode = 200
2020-11-05 11:15:29 INFO  TaskInfoSelectorMouseListener.createDirectoryRecursive(77) - File created :C:/Users/ilyak/IdeaProjects/JavaRushTasks/4.JavaCollections/src/com/javarush/task/task32/task3211
2020-11-05 11:16:01 INFO  ApacheHttpClient.getWebResourceAsStream(502) - responseCode = 200
2020-11-05 11:16:01 INFO  ApacheHttpClient.getTask(488) - responseCode = 200
2020-11-05 11:16:23 INFO  ApacheHttpClient.sendEvent(535) - responseCode = 200
2020-11-05 11:17:23 INFO  ApacheHttpClient.sendEvent(535) - responseCode = 200
2020-11-05 11:18:23 INFO  ApacheHttpClient.sendEvent(535) - responseCode = 200
2020-11-05 11:19:23 INFO  ApacheHttpClient.sendEvent(535) - responseCode = 200
2020-11-05 11:20:23 INFO  ApacheHttpClient.sendEvent(535) - responseCode = 200
2020-11-05 11:21:23 INFO  ApacheHttpClient.sendEvent(535) - responseCode = 200
2020-11-05 11:22:23 INFO  ApacheHttpClient.sendEvent(535) - responseCode = 200
2020-11-05 11:23:23 INFO  ApacheHttpClient.sendEvent(535) - responseCode = 200
2020-11-05 11:24:23 INFO  ApacheHttpClient.sendEvent(535) - responseCode = 200
2020-11-05 11:25:23 INFO  ApacheHttpClient.sendEvent(535) - responseCode = 200
2020-11-05 11:26:23 INFO  ApacheHttpClient.sendEvent(535) - responseCode = 200
2020-11-05 11:27:23 INFO  ApacheHttpClient.sendEvent(535) - responseCode = 200
2020-11-05 11:28:23 INFO  ApacheHttpClient.sendEvent(535) - responseCode = 200
2020-11-05 11:29:23 INFO  ApacheHttpClient.sendEvent(535) - responseCode = 200
2020-11-05 11:30:23 INFO  ApacheHttpClient.sendEvent(535) - responseCode = 200
2020-11-05 11:31:23 INFO  ApacheHttpClient.sendEvent(535) - responseCode = 200
2020-11-05 11:32:23 INFO  ApacheHttpClient.sendEvent(535) - responseCode = 200
2020-11-05 11:33:23 INFO  ApacheHttpClient.sendEvent(535) - responseCode = 200
2020-11-05 11:34:23 INFO  ApacheHttpClient.sendEvent(535) - responseCode = 200
2020-11-05 11:35:23 INFO  ApacheHttpClient.sendEvent(535) - responseCode = 200
2020-11-05 11:35:30 INFO  ApacheHttpClient.getWebResourceAsStream(502) - responseCode = 200
2020-11-05 11:35:31 INFO  ApacheHttpClient.getTask(488) - responseCode = 200
2020-11-05 11:35:32 INFO  ApacheHttpClient.completed(32) - responseCode = 200
2020-11-05 11:35:32 INFO  ApacheHttpClient.getTask(488) - responseCode = 200
2020-11-05 11:35:36 INFO  ApacheHttpClient.getWebResourceAsStream(502) - responseCode = 200
2020-11-05 11:35:36 INFO  ApacheHttpClient.getFilteredTasks(336) - responseCode = 200
2020-11-05 11:36:23 INFO  ApacheHttpClient.sendEvent(535) - responseCode = 200
2020-11-05 11:37:23 INFO  ApacheHttpClient.sendEvent(535) - responseCode = 200
2020-11-05 11:38:23 INFO  ApacheHttpClient.sendEvent(535) - responseCode = 200
